<?xml version="1.0" encoding="UTF-8"?>
<testng-results skipped="0" failed="0" total="1" passed="1">
  <reporter-output>
  </reporter-output>
  <suite name="Default suite" duration-ms="24352" started-at="2017-08-17T18:21:21Z" finished-at="2017-08-17T18:21:46Z">
    <groups>
    </groups>
    <test name="Default test" duration-ms="24352" started-at="2017-08-17T18:21:21Z" finished-at="2017-08-17T18:21:46Z">
      <class name="com.interviewpractice.DragAndDrop">
        <test-method status="PASS" signature="dragAndDrop()[pri:0, instance:com.interviewpractice.DragAndDrop@6a4f787b]" name="dragAndDrop" duration-ms="24340" started-at="2017-08-17T23:51:21Z" finished-at="2017-08-17T23:51:46Z">
          <reporter-output>
          </reporter-output>
        </test-method> <!-- dragAndDrop -->
      </class> <!-- com.interviewpractice.DragAndDrop -->
    </test> <!-- Default test -->
  </suite> <!-- Default suite -->
</testng-results>
